chef-vm5 Starting Chef Client, version 12.9.38[0m
chef-vm5 resolving cookbooks for run list: ["nginx::prepare", "java", "tomcat::install", "jenkins::install"][0m
chef-vm5 Synchronizing Cookbooks:[0m
chef-vm5   - java (1.39.0)[0m
chef-vm5   - apt (3.0.0)[0m
chef-vm5   - tomcat (0.1.0)[0m
chef-vm5   - nginx (0.1.0)[0m
chef-vm5   - jenkins (0.1.0)[0m
chef-vm5 Installing Cookbook Gems:[0m
chef-vm5 Compiling Cookbooks...[0m
chef-vm5 [2016-04-25T09:17:41+01:00] WARN: Chef::Provider::AptRepository already exists!  Cannot create deprecation class for LWRP provider apt_repository from cookbook apt
chef-vm5 [2016-04-25T09:17:41+01:00] WARN: AptRepository already exists!  Deprecation class overwrites Custom resource apt_repository from cookbook apt
chef-vm5 Converging 38 resources[0m
chef-vm5 Recipe: nginx::prepare[0m
chef-vm5   * directory[/tmp/install] action create (up to date)
chef-vm5   * file[/etc/yum.repos.d/NGINX.repo] action create (up to date)
chef-vm5   * yum_package[nginx] action install (up to date)
chef-vm5   * template[/etc/nginx/nginx.conf] action create (up to date)
chef-vm5   * template[/etc/nginx/conf.d/virtual.conf] action create (up to date)
chef-vm5   * service[nginx] action enable (up to date)
chef-vm5   * service[nginx] action start (up to date)
chef-vm5 Recipe: java::set_java_home[0m
chef-vm5   * ruby_block[set-env-java-home] action run (skipped due to not_if)
chef-vm5   * directory[/etc/profile.d] action create (up to date)
chef-vm5   * file[/etc/profile.d/jdk.sh] action create (up to date)
chef-vm5 Recipe: java::oracle[0m
chef-vm5   * yum_package[tar] action install (up to date)
chef-vm5   * java_ark[jdk] action install (up to date)
chef-vm5   * java_alternatives[set-java-alternatives] action set (up to date)
chef-vm5 Recipe: tomcat::install[0m
chef-vm5   * user[tomcat] action create (up to date)
chef-vm5   * group[tomcat] action create (up to date)
chef-vm5   * remote_file[/tmp/apache-tomcat-7.0.69.tar.gz] action create (up to date)
chef-vm5   * bash[extract_tomcat_tarball] action nothing (skipped due to action :nothing)
chef-vm5   * directory[/opt/apache-tomcat-7.0.69] action create (up to date)
chef-vm5   * bash[change owner of tomcat directory recursively] action nothing (skipped due to action :nothing)
chef-vm5   * cookbook_file[/etc/init.d/tomcat] action create (skipped due to not_if)
chef-vm5   * template[/opt/apache-tomcat-7.0.69/conf/server.xml] action create (up to date)
chef-vm5   * tomcat_resource[tomcat status] action status (up to date)
chef-vm5   * tomcat_resource[tomcat start] action nothing (skipped due to action :nothing)
chef-vm5   * tomcat_resource[tomcat enable] action enable (up to date)
chef-vm5   * service[tomcat] action enable (up to date)
chef-vm5 Recipe: jenkins::install[0m
chef-vm5   * user[jenkins] action create (up to date)
chef-vm5   * group[jenkins] action create (up to date)
chef-vm5   * cookbook_file[/etc/sudoers.d/jenkins] action create (up to date)
chef-vm5   * template[/home/jenkins/.bashrc] action create (up to date)
chef-vm5   * yum_package[git] action install (up to date)
chef-vm5   * remote_file[/etc/yum.repos.d/jenkins.repo] action create (skipped due to not_if)
chef-vm5   * template[/etc/yum.repos.d/jenkins.repo] action nothing (skipped due to action :nothing)
chef-vm5   * yum_package[jenkins] action install (up to date)
chef-vm5   * template[/etc/sysconfig/jenkins] action create (up to date)
chef-vm5   * remote_file[/tmp/apache-maven-3.3.9-bin.tar.gz] action create (up to date)
chef-vm5   * bash[extract_maven_tarball] action nothing (skipped due to action :nothing)
chef-vm5   * directory[/opt/apache-maven-3.3.9] action create (up to date)
chef-vm5   * bash[change owner of maven directory recursively] action nothing (skipped due to action :nothing)
chef-vm5   * remote_directory[/var/lib/jenkins] action create_if_missing
chef-vm5   Recipe: <Dynamically Defined Resource>[0m
chef-vm5     * cookbook_file[/var/lib/jenkins/config.xml] action create_if_missing (up to date)
chef-vm5     * cookbook_file[/var/lib/jenkins/hudson.tasks.Maven.xml] action create_if_missing (up to date)
chef-vm5     * cookbook_file[/var/lib/jenkins/jenkins.model.JenkinsLocationConfiguration.xml] action create_if_missing (up to date)
chef-vm5     * cookbook_file[/var/lib/jenkins/plugins/scm-api.jpi] action create_if_missing (up to date)
chef-vm5     * cookbook_file[/var/lib/jenkins/plugins/icon-shim.jpi] action create_if_missing (up to date)
chef-vm5     * cookbook_file[/var/lib/jenkins/plugins/token-macro.jpi] action create_if_missing (up to date)
chef-vm5     * cookbook_file[/var/lib/jenkins/plugins/git-client.jpi] action create_if_missing (up to date)
chef-vm5     * cookbook_file[/var/lib/jenkins/plugins/jquery.jpi] action create_if_missing (up to date)
chef-vm5     * cookbook_file[/var/lib/jenkins/plugins/git.jpi] action create_if_missing (up to date)
chef-vm5     * cookbook_file[/var/lib/jenkins/plugins/greenballs.jpi] action create_if_missing (up to date)
chef-vm5     * cookbook_file[/var/lib/jenkins/plugins/parameterized-trigger.jpi] action create_if_missing (up to date)
chef-vm5     * cookbook_file[/var/lib/jenkins/plugins/delivery-pipeline-plugin.jpi] action create_if_missing (up to date)
chef-vm5     * cookbook_file[/var/lib/jenkins/plugins/copyartifact.jpi] action create_if_missing (up to date)
chef-vm5     * cookbook_file[/var/lib/jenkins/plugins/greenballs/svg2png] action create_if_missing (up to date)
chef-vm5     * cookbook_file[/var/lib/jenkins/plugins/delivery-pipeline-plugin/pipe.js] action create_if_missing (up to date)
chef-vm5     * cookbook_file[/var/lib/jenkins/plugins/greenballs/makeFlash.sh] action create_if_missing (up to date)
chef-vm5     * cookbook_file[/var/lib/jenkins/plugins/delivery-pipeline-plugin/white-load.gif] action create_if_missing (up to date)
chef-vm5     * cookbook_file[/var/lib/jenkins/plugins/delivery-pipeline-plugin/play.png] action create_if_missing (up to date)
chef-vm5     * cookbook_file[/var/lib/jenkins/plugins/delivery-pipeline-plugin/moment.min.js] action create_if_missing (up to date)
chef-vm5     * cookbook_file[/var/lib/jenkins/plugins/greenballs/makeBalls.sh] action create_if_missing (up to date)
chef-vm5     * cookbook_file[/var/lib/jenkins/plugins/greenballs/make.sh] action create_if_missing (up to date)
chef-vm5     * cookbook_file[/var/lib/jenkins/plugins/greenballs/index.html] action create_if_missing (up to date)
chef-vm5     * cookbook_file[/var/lib/jenkins/plugins/greenballs/green.svg] action create_if_missing (up to date)
chef-vm5     * cookbook_file[/var/lib/jenkins/plugins/delivery-pipeline-plugin/play.gif] action create_if_missing (up to date)
chef-vm5     * cookbook_file[/var/lib/jenkins/plugins/delivery-pipeline-plugin/dark-load.gif] action create_if_missing (up to date)
chef-vm5     * cookbook_file[/var/lib/jenkins/plugins/delivery-pipeline-plugin/refresh.png] action create_if_missing (up to date)
chef-vm5     * cookbook_file[/var/lib/jenkins/plugins/greenballs/compress_png.sh] action create_if_missing (up to date)
chef-vm5     * cookbook_file[/var/lib/jenkins/plugins/greenballs/index_zh_TW.html] action create_if_missing (up to date)
chef-vm5     * cookbook_file[/var/lib/jenkins/plugins/greenballs/help-globalConfig.html] action create_if_missing (up to date)
chef-vm5     * cookbook_file[/var/lib/jenkins/plugins/delivery-pipeline-plugin/fullscreen.jpg] action create_if_missing (up to date)
chef-vm5     * cookbook_file[/var/lib/jenkins/plugins/greenballs/.timestamp2] action create_if_missing (up to date)
chef-vm5     * cookbook_file[/var/lib/jenkins/plugins/greenballs/help-projectConfig.html] action create_if_missing (up to date)
chef-vm5     * cookbook_file[/var/lib/jenkins/plugins/delivery-pipeline-plugin/pipeline-fullscreen.css] action create_if_missing (up to date)
chef-vm5     * cookbook_file[/var/lib/jenkins/plugins/delivery-pipeline-plugin/pipe-fullscreen.css] action create_if_missing (up to date)
chef-vm5     * cookbook_file[/var/lib/jenkins/plugins/token-macro/.timestamp2] action create_if_missing (up to date)
chef-vm5     * cookbook_file[/var/lib/jenkins/plugins/jquery/.timestamp2] action create_if_missing (up to date)
chef-vm5     * cookbook_file[/var/lib/jenkins/plugins/parameterized-trigger/.timestamp2] action create_if_missing (up to date)
chef-vm5     * cookbook_file[/var/lib/jenkins/plugins/icon-shim/.timestamp2] action create_if_missing (up to date)
chef-vm5     * cookbook_file[/var/lib/jenkins/plugins/delivery-pipeline-plugin/jquery.jsPlumb-1.3.16-all-min.js] action create_if_missing (up to date)
chef-vm5     * cookbook_file[/var/lib/jenkins/plugins/delivery-pipeline-plugin/pipeline-common.css] action create_if_missing (up to date)
chef-vm5     * cookbook_file[/var/lib/jenkins/plugins/delivery-pipeline-plugin/.timestamp2] action create_if_missing (up to date)
chef-vm5     * cookbook_file[/var/lib/jenkins/plugins/delivery-pipeline-plugin/running.gif] action create_if_missing (up to date)
chef-vm5     * cookbook_file[/var/lib/jenkins/plugins/delivery-pipeline-plugin/pipeline.css] action create_if_missing (up to date)
chef-vm5     * cookbook_file[/var/lib/jenkins/plugins/scm-api/.timestamp2] action create_if_missing (up to date)
chef-vm5     * cookbook_file[/var/lib/jenkins/plugins/git/.timestamp2] action create_if_missing (up to date)
chef-vm5     * cookbook_file[/var/lib/jenkins/plugins/git/extraRepo.html] action create_if_missing (up to date)
chef-vm5     * cookbook_file[/var/lib/jenkins/plugins/copyartifact/help-workspace_ja.html] action create_if_missing (up to date)
chef-vm5     * cookbook_file[/var/lib/jenkins/plugins/git/sparseCheckoutPaths.html] action create_if_missing (up to date)
chef-vm5     * cookbook_file[/var/lib/jenkins/plugins/git/gitPublisher.html] action create_if_missing (up to date)
chef-vm5     * cookbook_file[/var/lib/jenkins/plugins/greenballs/index_fr.html] action create_if_missing (up to date)
chef-vm5     * cookbook_file[/var/lib/jenkins/plugins/git-client/.timestamp2] action create_if_missing (up to date)
chef-vm5     * cookbook_file[/var/lib/jenkins/jobs/build/config.xml] action create_if_missing (up to date)
chef-vm5     * cookbook_file[/var/lib/jenkins/plugins/copyartifact/.timestamp2] action create_if_missing (up to date)
chef-vm5     * cookbook_file[/var/lib/jenkins/plugins/copyartifact/help-flatten-optional_ja.html] action create_if_missing (up to date)
chef-vm5     * cookbook_file[/var/lib/jenkins/plugins/copyartifact/help-flatten-optional.html] action create_if_missing (up to date)
chef-vm5     * cookbook_file[/var/lib/jenkins/plugins/copyartifact/help-workspace.html] action create_if_missing (up to date)
chef-vm5     * cookbook_file[/var/lib/jenkins/plugins/copyartifact/help-workspace_de.html] action create_if_missing (up to date)
chef-vm5     * cookbook_file[/var/lib/jenkins/plugins/copyartifact/help-flatten-optional_de.html] action create_if_missing (up to date)
chef-vm5     * cookbook_file[/var/lib/jenkins/jobs/deploy/config.xml] action create_if_missing (up to date)
chef-vm5     * cookbook_file[/var/lib/jenkins/plugins/copyartifact/HUDSON-5977/deleteme.tmp] action create_if_missing (up to date)
chef-vm5     * cookbook_file[/var/lib/jenkins/plugins/greenballs/WEB-INF/licenses.xml] action create_if_missing (up to date)
chef-vm5     * cookbook_file[/var/lib/jenkins/plugins/greenballs/16x16/green_anime.gif] action create_if_missing (up to date)
chef-vm5     * cookbook_file[/var/lib/jenkins/plugins/delivery-pipeline-plugin/WEB-INF/licenses.xml] action create_if_missing (up to date)
chef-vm5     * cookbook_file[/var/lib/jenkins/plugins/copyartifact/META-INF/MANIFEST.MF] action create_if_missing (up to date)
chef-vm5     * cookbook_file[/var/lib/jenkins/plugins/greenballs/16x16/green.gif] action create_if_missing (up to date)
chef-vm5     * cookbook_file[/var/lib/jenkins/plugins/greenballs/16x16/green.png] action create_if_missing (up to date)
chef-vm5     * cookbook_file[/var/lib/jenkins/plugins/greenballs/48x48/green_anime.gif] action create_if_missing (up to date)
chef-vm5     * cookbook_file[/var/lib/jenkins/plugins/greenballs/48x48/green.gif] action create_if_missing (up to date)
chef-vm5     * cookbook_file[/var/lib/jenkins/plugins/delivery-pipeline-plugin/META-INF/MANIFEST.MF] action create_if_missing (up to date)
chef-vm5     * cookbook_file[/var/lib/jenkins/plugins/greenballs/48x48/green.png] action create_if_missing (up to date)
chef-vm5     * cookbook_file[/var/lib/jenkins/plugins/greenballs/24x24/green_anime.gif] action create_if_missing (up to date)
chef-vm5     * cookbook_file[/var/lib/jenkins/plugins/copyartifact/WEB-INF/licenses.xml] action create_if_missing (up to date)
chef-vm5     * cookbook_file[/var/lib/jenkins/plugins/greenballs/24x24/green.gif] action create_if_missing (up to date)
chef-vm5     * cookbook_file[/var/lib/jenkins/plugins/greenballs/24x24/green.png] action create_if_missing (up to date)
chef-vm5     * cookbook_file[/var/lib/jenkins/plugins/greenballs/32x32/green_anime.gif] action create_if_missing (up to date)
chef-vm5     * cookbook_file[/var/lib/jenkins/plugins/git-client/META-INF/MANIFEST.MF] action create_if_missing (up to date)
chef-vm5     * cookbook_file[/var/lib/jenkins/plugins/delivery-pipeline-plugin/help/task.png] action create_if_missing (up to date)
chef-vm5     * cookbook_file[/var/lib/jenkins/plugins/delivery-pipeline-plugin/help/description.png] action create_if_missing (up to date)
chef-vm5     * cookbook_file[/var/lib/jenkins/plugins/delivery-pipeline-plugin/help/stage.png] action create_if_missing (up to date)
chef-vm5     * cookbook_file[/var/lib/jenkins/plugins/delivery-pipeline-plugin/help/pipeline.png] action create_if_missing (up to date)
chef-vm5     * cookbook_file[/var/lib/jenkins/plugins/greenballs/32x32/green.gif] action create_if_missing (up to date)
chef-vm5     * cookbook_file[/var/lib/jenkins/plugins/greenballs/32x32/green.png] action create_if_missing (up to date)
chef-vm5     * cookbook_file[/var/lib/jenkins/plugins/greenballs/META-INF/MANIFEST.MF] action create_if_missing (up to date)
chef-vm5     * cookbook_file[/var/lib/jenkins/plugins/token-macro/WEB-INF/licenses.xml] action create_if_missing (up to date)
chef-vm5     * cookbook_file[/var/lib/jenkins/plugins/token-macro/META-INF/MANIFEST.MF] action create_if_missing (up to date)
chef-vm5     * cookbook_file[/var/lib/jenkins/plugins/jquery/WEB-INF/licenses.xml] action create_if_missing (up to date)
chef-vm5     * cookbook_file[/var/lib/jenkins/plugins/jquery/META-INF/MANIFEST.MF] action create_if_missing (up to date)
chef-vm5     * cookbook_file[/var/lib/jenkins/plugins/parameterized-trigger/WEB-INF/licenses.xml] action create_if_missing (up to date)
chef-vm5     * cookbook_file[/var/lib/jenkins/plugins/parameterized-trigger/META-INF/MANIFEST.MF] action create_if_missing (up to date)
chef-vm5     * cookbook_file[/var/lib/jenkins/plugins/git-client/WEB-INF/licenses.xml] action create_if_missing (up to date)
chef-vm5     * cookbook_file[/var/lib/jenkins/plugins/icon-shim/WEB-INF/licenses.xml] action create_if_missing (up to date)
chef-vm5     * cookbook_file[/var/lib/jenkins/plugins/icon-shim/META-INF/MANIFEST.MF] action create_if_missing (up to date)
chef-vm5     * cookbook_file[/var/lib/jenkins/plugins/scm-api/WEB-INF/licenses.xml] action create_if_missing (up to date)
chef-vm5     * cookbook_file[/var/lib/jenkins/plugins/scm-api/META-INF/MANIFEST.MF] action create_if_missing (up to date)
chef-vm5     * cookbook_file[/var/lib/jenkins/plugins/git/WEB-INF/licenses.xml] action create_if_missing (up to date)
chef-vm5     * cookbook_file[/var/lib/jenkins/plugins/git/META-INF/MANIFEST.MF] action create_if_missing (up to date)
chef-vm5     * cookbook_file[/var/lib/jenkins/plugins/git/icons/git-32x32.png] action create_if_missing (up to date)
chef-vm5     * cookbook_file[/var/lib/jenkins/plugins/git/icons/git-48x48.png] action create_if_missing (up to date)
chef-vm5     * cookbook_file[/var/lib/jenkins/plugins/git/icons/git-22x22.png] action create_if_missing (up to date)
chef-vm5     * cookbook_file[/var/lib/jenkins/plugins/greenballs/colorblind/16x16/green.gif] action create_if_missing (up to date)
chef-vm5     * cookbook_file[/var/lib/jenkins/plugins/greenballs/colorblind/24x24/red_anime.gif] action create_if_missing (up to date)
chef-vm5     * cookbook_file[/var/lib/jenkins/plugins/git/WEB-INF/lib/joda-time-2.9.2.jar] action create_if_missing (up to date)
chef-vm5     * cookbook_file[/var/lib/jenkins/plugins/git/WEB-INF/lib/commons-codec-1.9.jar] action create_if_missing (up to date)
chef-vm5     * cookbook_file[/var/lib/jenkins/plugins/git/WEB-INF/lib/annotation-indexer-1.4.jar] action create_if_missing (up to date)
chef-vm5     * cookbook_file[/var/lib/jenkins/plugins/git/WEB-INF/lib/httpcore-4.4.1.jar] action create_if_missing (up to date)
chef-vm5     * cookbook_file[/var/lib/jenkins/plugins/git/WEB-INF/lib/bridge-method-annotation-1.14.jar] action create_if_missing (up to date)
chef-vm5     * cookbook_file[/var/lib/jenkins/plugins/git/WEB-INF/lib/commons-logging-1.2.jar] action create_if_missing (up to date)
chef-vm5     * cookbook_file[/var/lib/jenkins/plugins/git/WEB-INF/lib/git.jar] action create_if_missing (up to date)
chef-vm5     * cookbook_file[/var/lib/jenkins/plugins/greenballs/colorblind/24x24/green.gif] action create_if_missing (up to date)
chef-vm5     * cookbook_file[/var/lib/jenkins/plugins/delivery-pipeline-plugin/WEB-INF/lib/delivery-pipeline-plugin.jar] action create_if_missing (up to date)
chef-vm5     * cookbook_file[/var/lib/jenkins/plugins/delivery-pipeline-plugin/WEB-INF/lib/jgrapht-jdk1.5-0.7.3.jar] action create_if_missing (up to date)
chef-vm5     * cookbook_file[/var/lib/jenkins/plugins/delivery-pipeline-plugin/WEB-INF/lib/findbugs-annotations-1.3.9-1.jar] action create_if_missing (up to date)
chef-vm5     * cookbook_file[/var/lib/jenkins/plugins/greenballs/colorblind/48x48/yellow.gif] action create_if_missing (up to date)
chef-vm5     * cookbook_file[/var/lib/jenkins/plugins/scm-api/WEB-INF/lib/scm-api.jar] action create_if_missing (up to date)
chef-vm5     * cookbook_file[/var/lib/jenkins/plugins/greenballs/colorblind/24x24/red.gif] action create_if_missing (up to date)
chef-vm5     * cookbook_file[/var/lib/jenkins/plugins/greenballs/colorblind/48x48/yellow_anime.gif] action create_if_missing (up to date)
chef-vm5     * cookbook_file[/var/lib/jenkins/plugins/greenballs/colorblind/48x48/red.gif] action create_if_missing (up to date)
chef-vm5     * cookbook_file[/var/lib/jenkins/plugins/greenballs/colorblind/48x48/green.gif] action create_if_missing (up to date)
chef-vm5     * cookbook_file[/var/lib/jenkins/plugins/greenballs/colorblind/48x48/green_anime.gif] action create_if_missing (up to date)
chef-vm5     * cookbook_file[/var/lib/jenkins/plugins/greenballs/colorblind/48x48/red_anime.gif] action create_if_missing (up to date)
chef-vm5     * cookbook_file[/var/lib/jenkins/plugins/delivery-pipeline-plugin/WEB-INF/lib/jcip-annotations-1.0.jar] action create_if_missing (up to date)
chef-vm5     * cookbook_file[/var/lib/jenkins/plugins/greenballs/WEB-INF/lib/classes.jar] action create_if_missing (up to date)
chef-vm5     * cookbook_file[/var/lib/jenkins/plugins/greenballs/colorblind/24x24/yellow_anime.gif] action create_if_missing (up to date)
chef-vm5     * cookbook_file[/var/lib/jenkins/plugins/greenballs/colorblind/16x16/yellow.gif] action create_if_missing (up to date)
chef-vm5     * cookbook_file[/var/lib/jenkins/plugins/icon-shim/WEB-INF/lib/icon-set-2.0.3.jar] action create_if_missing (up to date)
chef-vm5     * cookbook_file[/var/lib/jenkins/plugins/icon-shim/WEB-INF/lib/icon-shim.jar] action create_if_missing (up to date)
chef-vm5     * cookbook_file[/var/lib/jenkins/plugins/greenballs/colorblind/24x24/yellow.gif] action create_if_missing (up to date)
chef-vm5     * cookbook_file[/var/lib/jenkins/plugins/greenballs/colorblind/32x32/yellow.gif] action create_if_missing (up to date)
chef-vm5     * cookbook_file[/var/lib/jenkins/plugins/greenballs/colorblind/32x32/yellow_anime.gif] action create_if_missing (up to date)
chef-vm5     * cookbook_file[/var/lib/jenkins/plugins/git-client/WEB-INF/lib/commons-logging-1.2.jar] action create_if_missing (up to date)
chef-vm5     * cookbook_file[/var/lib/jenkins/plugins/greenballs/colorblind/16x16/yellow_anime.gif] action create_if_missing (up to date)
chef-vm5     * cookbook_file[/var/lib/jenkins/plugins/parameterized-trigger/WEB-INF/lib/parameterized-trigger.jar] action create_if_missing (up to date)
chef-vm5     * cookbook_file[/var/lib/jenkins/plugins/parameterized-trigger/WEB-INF/lib/xercesImpl-2.9.1.jar] action create_if_missing (up to date)
chef-vm5     * cookbook_file[/var/lib/jenkins/plugins/git-client/WEB-INF/lib/git-client.jar] action create_if_missing (up to date)
chef-vm5     * cookbook_file[/var/lib/jenkins/plugins/greenballs/colorblind/32x32/red.gif] action create_if_missing (up to date)
chef-vm5     * cookbook_file[/var/lib/jenkins/plugins/greenballs/colorblind/32x32/green.gif] action create_if_missing (up to date)
chef-vm5     * cookbook_file[/var/lib/jenkins/plugins/git-client/WEB-INF/lib/JavaEWAH-0.7.9.jar] action create_if_missing (up to date)
chef-vm5     * cookbook_file[/var/lib/jenkins/plugins/greenballs/colorblind/16x16/red.gif] action create_if_missing (up to date)
chef-vm5     * cookbook_file[/var/lib/jenkins/plugins/jquery/WEB-INF/lib/javax.annotation-api-1.2.jar] action create_if_missing (up to date)
chef-vm5     * cookbook_file[/var/lib/jenkins/plugins/jquery/WEB-INF/lib/commons-fileupload-1.2.1.jar] action create_if_missing (up to date)
chef-vm5     * cookbook_file[/var/lib/jenkins/plugins/jquery/WEB-INF/lib/stapler-1.237-SNAPSHOT.jar] action create_if_missing (up to date)
chef-vm5     * cookbook_file[/var/lib/jenkins/plugins/jquery/WEB-INF/lib/jsr305-2.0.1.jar] action create_if_missing (up to date)
chef-vm5     * cookbook_file[/var/lib/jenkins/plugins/jquery/WEB-INF/lib/commons-discovery-0.4.jar] action create_if_missing (up to date)
chef-vm5     * cookbook_file[/var/lib/jenkins/plugins/jquery/WEB-INF/lib/classes.jar] action create_if_missing (up to date)
chef-vm5     * cookbook_file[/var/lib/jenkins/plugins/jquery/WEB-INF/lib/asm5-5.0.1.jar] action create_if_missing (up to date)
chef-vm5     * cookbook_file[/var/lib/jenkins/plugins/jquery/WEB-INF/lib/guava-14.0.jar] action create_if_missing (up to date)
chef-vm5     * cookbook_file[/var/lib/jenkins/plugins/jquery/WEB-INF/lib/stapler-adjunct-jquery-1.11.2-0.jar] action create_if_missing (up to date)
chef-vm5     * cookbook_file[/var/lib/jenkins/plugins/jquery/WEB-INF/lib/jzlib-1.1.3.jar] action create_if_missing (up to date)
chef-vm5     * cookbook_file[/var/lib/jenkins/plugins/jquery/WEB-INF/lib/tiger-types-1.3.jar] action create_if_missing (up to date)
chef-vm5     * cookbook_file[/var/lib/jenkins/plugins/git-client/WEB-INF/lib/jsch-0.1.50.jar] action create_if_missing (up to date)
chef-vm5     * cookbook_file[/var/lib/jenkins/plugins/copyartifact/WEB-INF/lib/classes.jar] action create_if_missing (up to date)
chef-vm5     * cookbook_file[/var/lib/jenkins/plugins/copyartifact/WEB-INF/lib/annotations-3.0.0.jar] action create_if_missing (up to date)
chef-vm5     * cookbook_file[/var/lib/jenkins/plugins/git-client/WEB-INF/lib/httpcore-4.4.1.jar] action create_if_missing (up to date)
chef-vm5     * cookbook_file[/var/lib/jenkins/plugins/greenballs/colorblind/24x24/green_anime.gif] action create_if_missing (up to date)
chef-vm5     * cookbook_file[/var/lib/jenkins/plugins/token-macro/WEB-INF/lib/token-macro.jar] action create_if_missing (up to date)
chef-vm5     * cookbook_file[/var/lib/jenkins/plugins/git-client/WEB-INF/lib/org.eclipse.jgit.java7-3.7.1.201504261725-r.jar] action create_if_missing (up to date)
chef-vm5     * cookbook_file[/var/lib/jenkins/plugins/greenballs/colorblind/16x16/green_anime.gif] action create_if_missing (up to date)
chef-vm5     * cookbook_file[/var/lib/jenkins/plugins/greenballs/colorblind/16x16/red_anime.gif] action create_if_missing (up to date)
chef-vm5     * cookbook_file[/var/lib/jenkins/plugins/git-client/WEB-INF/lib/org.eclipse.jgit-3.7.1.201504261725-r.jar] action create_if_missing (up to date)
chef-vm5     * cookbook_file[/var/lib/jenkins/plugins/greenballs/colorblind/32x32/green_anime.gif] action create_if_missing (up to date)
chef-vm5     * cookbook_file[/var/lib/jenkins/plugins/greenballs/colorblind/32x32/red_anime.gif] action create_if_missing (up to date)
chef-vm5     * cookbook_file[/var/lib/jenkins/plugins/git-client/WEB-INF/lib/findbugs-annotations-1.3.9-1.jar] action create_if_missing (up to date)
chef-vm5     * cookbook_file[/var/lib/jenkins/plugins/git-client/WEB-INF/lib/jcip-annotations-1.0.jar] action create_if_missing (up to date)
chef-vm5     * cookbook_file[/var/lib/jenkins/plugins/git-client/WEB-INF/lib/slf4j-api-1.7.2.jar] action create_if_missing (up to date)
chef-vm5     * cookbook_file[/var/lib/jenkins/plugins/git-client/WEB-INF/lib/httpclient-4.4.1.jar] action create_if_missing (up to date)
chef-vm5     * cookbook_file[/var/lib/jenkins/plugins/git-client/WEB-INF/lib/org.eclipse.jgit.http.server-3.7.1.201504261725-r.jar] action create_if_missing (up to date)
chef-vm5     * cookbook_file[/var/lib/jenkins/plugins/greenballs/META-INF/maven/org.jenkins-ci.plugins/greenballs/pom.xml] action create_if_missing (up to date)
chef-vm5     * cookbook_file[/var/lib/jenkins/plugins/git-client/META-INF/maven/org.jenkins-ci.plugins/git-client/pom.properties] action create_if_missing (up to date)
chef-vm5     * cookbook_file[/var/lib/jenkins/plugins/git-client/META-INF/maven/org.jenkins-ci.plugins/git-client/pom.xml] action create_if_missing (up to date)
chef-vm5     * cookbook_file[/var/lib/jenkins/plugins/greenballs/META-INF/maven/org.jenkins-ci.plugins/greenballs/pom.properties] action create_if_missing (up to date)
chef-vm5     * cookbook_file[/var/lib/jenkins/plugins/token-macro/META-INF/maven/org.jenkins-ci.plugins/token-macro/pom.properties] action create_if_missing (up to date)
chef-vm5     * cookbook_file[/var/lib/jenkins/plugins/token-macro/META-INF/maven/org.jenkins-ci.plugins/token-macro/pom.xml] action create_if_missing (up to date)
chef-vm5     * cookbook_file[/var/lib/jenkins/plugins/delivery-pipeline-plugin/META-INF/maven/se.diabol.jenkins.pipeline/delivery-pipeline-plugin/pom.xml] action create_if_missing (up to date)
chef-vm5     * cookbook_file[/var/lib/jenkins/plugins/delivery-pipeline-plugin/META-INF/maven/se.diabol.jenkins.pipeline/delivery-pipeline-plugin/pom.properties] action create_if_missing (up to date)
chef-vm5     * cookbook_file[/var/lib/jenkins/plugins/jquery/META-INF/maven/org.jenkins-ci.plugins/jquery/pom.properties] action create_if_missing (up to date)
chef-vm5     * cookbook_file[/var/lib/jenkins/plugins/jquery/META-INF/maven/org.jenkins-ci.plugins/jquery/pom.xml] action create_if_missing (up to date)
chef-vm5     * cookbook_file[/var/lib/jenkins/plugins/parameterized-trigger/META-INF/maven/org.jenkins-ci.plugins/parameterized-trigger/pom.properties] action create_if_missing (up to date)
chef-vm5     * cookbook_file[/var/lib/jenkins/plugins/parameterized-trigger/META-INF/maven/org.jenkins-ci.plugins/parameterized-trigger/pom.xml] action create_if_missing (up to date)
chef-vm5     * cookbook_file[/var/lib/jenkins/plugins/icon-shim/META-INF/maven/org.jenkins-ci.plugins.icon-shim/icon-shim/pom.properties] action create_if_missing (up to date)
chef-vm5     * cookbook_file[/var/lib/jenkins/plugins/icon-shim/META-INF/maven/org.jenkins-ci.plugins.icon-shim/icon-shim/pom.xml] action create_if_missing (up to date)
chef-vm5     * cookbook_file[/var/lib/jenkins/plugins/git/META-INF/maven/org.jenkins-ci.plugins/git/pom.xml] action create_if_missing (up to date)
chef-vm5     * cookbook_file[/var/lib/jenkins/plugins/scm-api/META-INF/maven/org.jenkins-ci.plugins/scm-api/pom.properties] action create_if_missing (up to date)
chef-vm5     * cookbook_file[/var/lib/jenkins/plugins/scm-api/META-INF/maven/org.jenkins-ci.plugins/scm-api/pom.xml] action create_if_missing (up to date)
chef-vm5     * cookbook_file[/var/lib/jenkins/plugins/copyartifact/META-INF/maven/org.jenkins-ci.plugins/copyartifact/pom.properties] action create_if_missing (up to date)
chef-vm5     * cookbook_file[/var/lib/jenkins/plugins/copyartifact/META-INF/maven/org.jenkins-ci.plugins/copyartifact/pom.xml] action create_if_missing (up to date)
chef-vm5     * cookbook_file[/var/lib/jenkins/plugins/git/META-INF/maven/org.jenkins-ci.plugins/git/pom.properties] action create_if_missing (up to date)
chef-vm5      (up to date)
chef-vm5 Recipe: jenkins::install[0m
chef-vm5   * bash[chown -R jenkins dir] action nothing (skipped due to action :nothing)
chef-vm5   * service[jenkins] action start (up to date)
chef-vm5 [0m
chef-vm5 Running handlers:[0m
chef-vm5 Running handlers complete
chef-vm5 [0m[0m
chef-vm5 Deprecated features used![0m
chef-vm5   Using an LWRP provider by its name (TomcatProvider) directly is no longer supported in Chef 12 and will be removed.  Use Chef::ProviderResolver.new(node, resource, action) instead. at 3 locations:[0m
chef-vm5     - /var/chef/cache/cookbooks/tomcat/recipes/install.rb:90:in `block in from_file'[0m
chef-vm5     - /var/chef/cache/cookbooks/tomcat/recipes/install.rb:95:in `block in from_file'[0m
chef-vm5     - /var/chef/cache/cookbooks/tomcat/recipes/install.rb:101:in `block in from_file'[0m
chef-vm5 [0m
chef-vm5 Chef Client finished, 0/227 resources updated in 18 seconds[0m
