
2016-04-14 17:09:08 +0300 - No such file or directory @ rb_sysopen - /proc/uptimevv 
2016-04-14 17:11:49 +0300 - wrong command: rtytyu - NoMethodError: undefined method `run' for nil:NilClass 
2016-04-14 17:12:05 +0300 - Execution stopped 
2016-04-14 17:12:06 +0300 - Execution stopped 
2016-04-14 17:12:06 +0300 - Execution stopped 
2016-04-14 17:12:10 +0300 - wrong command: ryrtuyu - NoMethodError: undefined method `run' for nil:NilClass 
2016-04-14 17:16:56 +0300 - wrong command: tuyuty - NoMethodError: undefined method `run' for nil:NilClass 
2016-04-14 17:17:50 +0300 - wrong command: dfhfghj - NoMethodError: undefined method `run' for nil:NilClass 
2016-04-14 17:19:19 +0300 - Execution stopped 
2016-04-14 17:34:20 +0300 - wrong command: sfhfdjgh - NoMethodError: undefined method `run' for nil:NilClass 
2016-04-14 17:37:12 +0300 - wrong command: srhrjhtyj - NoMethodError: undefined method `run' for nil:NilClass 
2016-04-14 17:39:04 +0300 - Execution stopped 
2016-04-14 17:40:19 +0300 - Execution stopped 
2016-04-14 17:40:19 +0300 - Execution stopped 
2016-04-14 17:40:19 +0300 - Execution stopped 
2016-04-14 17:40:19 +0300 - Execution stopped 
2016-04-14 17:40:19 +0300 - Execution stopped 
2016-04-14 17:40:20 +0300 - Execution stopped 
2016-04-14 17:40:25 +0300 - wrong command: sfhdghfgh - NoMethodError: undefined method `run' for nil:NilClass 
2016-04-14 17:40:41 +0300 - wrong command: hello - NoMethodError: undefined method `run' for nil:NilClass 
2016-04-14 17:43:08 +0300 - Execution stopped 
2016-04-14 17:43:09 +0300 - Execution stopped 
2016-04-14 17:43:58 +0300 - Execution stopped 
2016-04-14 17:44:01 +0300 - Execution stopped 
2016-04-14 17:44:13 +0300 - Execution stopped 
2016-04-14 17:44:17 +0300 - Execution stopped 
2016-04-14 17:44:24 +0300 - Execution stopped 
2016-04-14 17:44:27 +0300 - Execution stopped 
2016-04-14 17:48:45 +0300 - Execution stopped 
2016-04-14 17:51:47 +0300 - Execution stopped 
2016-04-14 17:51:58 +0300 - Execution stopped 
2016-04-14 17:54:10 +0300 - Execution stopped 
2016-04-14 17:58:09 +0300 - Execution stopped 
2016-04-14 17:58:32 +0300 - wrong command: pingping - NoMethodError: undefined method `run' for nil:NilClass 
2016-04-14 17:59:37 +0300 - wrong command: dgjgjkhj,l - NoMethodError: undefined method `run' for nil:NilClass 
2016-04-14 18:00:00 +0300 - Execution stopped 
